<?xml version="1.0" encoding="UTF-8"?>
<testsuite xmlns:xsi="http://www.w3.org/2001/XMLSchema-instance" xsi:noNamespaceSchemaLocation="https://maven.apache.org/surefire/maven-surefire-plugin/xsd/surefire-test-report.xsd" version="3.0.2" name="com.abhik.currencyconverter.controller.CurrencyControllerTest" time="4.576" tests="5" errors="0" skipped="0" failures="0" flakes="0">
  <properties>
[...]
</properties>
  <testcase name="testCorsConfiguration" classname="com.abhik.currencyconverter.controller.CurrencyControllerTest" time="0.263">
    <system-out><![CDATA[00:16:23.831 [main] INFO org.springframework.test.context.support.AnnotationConfigContextLoaderUtils -- Could not detect default configuration classes for test class [com.abhik.currencyconverter.controller.CurrencyControllerTest]: CurrencyControllerTest does not declare any static, non-private, non-final, nested classes annotated with @Configuration.
00:16:24.086 [main] INFO org.springframework.boot.test.context.SpringBootTestContextBootstrapper -- Found @SpringBootConfiguration com.abhik.currencyconverter.CurrencyConverterApplication for test class com.abhik.currencyconverter.controller.CurrencyControllerTest

  .   ____          _            __ _ _
 /\\ / ___'_ __ _ _(_)_ __  __ _ \ \ \ \
( ( )\___ | '_ | '_| | '_ \/ _` | \ \ \ \
 \\/  ___)| |_)| | | | | || (_| |  ) ) ) )
  '  |____| .__|_| |_|_| |_\__, | / / / /
 =========|_|==============|___/=/_/_/_/

 :: Spring Boot ::               (v3.5.14)

2026-06-05T00:16:24.854+05:30  INFO 10852 --- [currency-converter-backend] [           main] c.a.c.controller.CurrencyControllerTest  : Starting CurrencyControllerTest using Java 24.0.1 with PID 10852 (started by abhik in C:\Users\abhik\Desktop\CODSOFT\Task4-CurrencyConverter\backend)
2026-06-05T00:16:24.858+05:30  INFO 10852 --- [currency-converter-backend] [           main] c.a.c.controller.CurrencyControllerTest  : No active profile set, falling back to 1 default profile: "default"
2026-06-05T00:16:27.461+05:30  INFO 10852 --- [currency-converter-backend] [           main] o.s.b.t.m.w.SpringBootMockServletContext : Initializing Spring TestDispatcherServlet ''
2026-06-05T00:16:27.462+05:30  INFO 10852 --- [currency-converter-backend] [           main] o.s.t.web.servlet.TestDispatcherServlet  : Initializing Servlet ''
2026-06-05T00:16:27.465+05:30  INFO 10852 --- [currency-converter-backend] [           main] o.s.t.web.servlet.TestDispatcherServlet  : Completed initialization in 2 ms
2026-06-05T00:16:27.536+05:30  INFO 10852 --- [currency-converter-backend] [           main] c.a.c.controller.CurrencyControllerTest  : Started CurrencyControllerTest in 3.356 seconds (process running for 4.49)
]]></system-out>
    <system-err><![CDATA[Mockito is currently self-attaching to enable the inline-mock-maker. This will no longer work in future releases of the JDK. Please add Mockito as an agent to your build as described in Mockito's documentation: https://javadoc.io/doc/org.mockito/mockito-core/latest/org.mockito/org/mockito/Mockito.html#0.3
WARNING: A Java agent has been loaded dynamically (C:\Users\abhik\.m2\repository\net\bytebuddy\byte-buddy-agent\1.17.8\byte-buddy-agent-1.17.8.jar)
WARNING: If a serviceability tool is in use, please run with -XX:+EnableDynamicAgentLoading to hide this warning
WARNING: If a serviceability tool is not in use, please run with -Djdk.instrument.traceUsage for more information
WARNING: Dynamic loading of agents will be disallowed by default in a future release
]]></system-err>
  </testcase>
  <testcase name="testConvertCurrencyValidationError" classname="com.abhik.currencyconverter.controller.CurrencyControllerTest" time="0.319"/>
  <testcase name="testConvertCurrencySuccess" classname="com.abhik.currencyconverter.controller.CurrencyControllerTest" time="0.045"/>
  <testcase name="testGetRatesSuccess" classname="com.abhik.currencyconverter.controller.CurrencyControllerTest" time="0.011"/>
  <testcase name="testExceptionHandling" classname="com.abhik.currencyconverter.controller.CurrencyControllerTest" time="0.008"/>
</testsuite>